<?xml version='1.0' encoding='UTF-8'?>
<testsuite hostname="eduardo" name="PluginTest" tests="9" errors="0" failures="0" time="2.969">
                <properties>
[...]
</properties>
                <testcase classname="PluginTest" name="delete" time="1.997"> 
                    </testcase><testcase classname="PluginTest" name="search" time="0.461"> 
                    </testcase><testcase classname="PluginTest" name="updateWithId" time="0.104"> 
                    </testcase><testcase classname="PluginTest" name="indexName" time="0.002"> 
                    </testcase><testcase classname="PluginTest" name="indexType" time="0.001"> 
                    </testcase><testcase classname="PluginTest" name="updateWithSupplier" time="0.133"> 
                    </testcase><testcase classname="PluginTest" name="count" time="0.102"> 
                    </testcase><testcase classname="PluginTest" name="index" time="0.092"> 
                    </testcase><testcase classname="PluginTest" name="deleteNonExistent" time="0.077"> 
                    </testcase>
                <system-out></system-out>
                <system-err></system-err>
                </testsuite>